<?xml version="1.0" encoding="UTF-8" ?>
<testsuite tests="9" failures="2" name="step_definitions.runTest" time="0.007" errors="0" skipped="0">
  <properties>
    <property name="java.runtime.name" value="Java(TM) SE Runtime Environment"/>
    <property name="sun.boot.library.path" value="/Library/Java/JavaVirtualMachines/jdk1.8.0_131.jdk/Contents/Home/jre/lib"/>
    <property name="java.vm.version" value="25.131-b11"/>
    <property name="user.country.format" value="CN"/>
    <property name="gopherProxySet" value="false"/>
    <property name="java.vm.vendor" value="Oracle Corporation"/>
    <property name="maven.multiModuleProjectDirectory" value="/Users/dfzheng/Desktop/CucumberSample"/>
    <property name="java.vendor.url" value="http://java.oracle.com/"/>
    <property name="path.separator" value=":"/>
    <property name="guice.disable.misplaced.annotation.check" value="true"/>
    <property name="java.vm.name" value="Java HotSpot(TM) 64-Bit Server VM"/>
    <property name="file.encoding.pkg" value="sun.io"/>
    <property name="user.country" value="US"/>
    <property name="sun.java.launcher" value="SUN_STANDARD"/>
    <property name="sun.os.patch.level" value="unknown"/>
    <property name="java.vm.specification.name" value="Java Virtual Machine Specification"/>
    <property name="user.dir" value="/Users/dfzheng/Desktop/CucumberSample"/>
    <property name="java.runtime.version" value="1.8.0_131-b11"/>
    <property name="java.awt.graphicsenv" value="sun.awt.CGraphicsEnvironment"/>
    <property name="java.endorsed.dirs" value="/Library/Java/JavaVirtualMachines/jdk1.8.0_131.jdk/Contents/Home/jre/lib/endorsed"/>
    <property name="os.arch" value="x86_64"/>
    <property name="java.io.tmpdir" value="/var/folders/q0/43fl0y850d5g9ph3m8m0yczr0000gn/T/"/>
    <property name="line.separator" value="
"/>
    <property name="java.vm.specification.vendor" value="Oracle Corporation"/>
    <property name="os.name" value="Mac OS X"/>
    <property name="classworlds.conf" value="/usr/local/Cellar/maven/3.5.0/libexec/bin/m2.conf"/>
    <property name="sun.jnu.encoding" value="UTF-8"/>
    <property name="java.library.path" value="/Users/dfzheng/Library/Java/Extensions:/Library/Java/Extensions:/Network/Library/Java/Extensions:/System/Library/Java/Extensions:/usr/lib/java:."/>
    <property name="maven.conf" value="/usr/local/Cellar/maven/3.5.0/libexec/conf"/>
    <property name="java.specification.name" value="Java Platform API Specification"/>
    <property name="java.class.version" value="52.0"/>
    <property name="sun.management.compiler" value="HotSpot 64-Bit Tiered Compilers"/>
    <property name="os.version" value="10.12.2"/>
    <property name="library.jansi.path" value="/usr/local/Cellar/maven/3.5.0/libexec/lib/jansi-native/osx64"/>
    <property name="user.home" value="/Users/dfzheng"/>
    <property name="user.timezone" value="Asia/Shanghai"/>
    <property name="java.awt.printerjob" value="sun.lwawt.macosx.CPrinterJob"/>
    <property name="java.specification.version" value="1.8"/>
    <property name="file.encoding" value="UTF-8"/>
    <property name="user.name" value="dfzheng"/>
    <property name="java.class.path" value="/usr/local/Cellar/maven/3.5.0/libexec/boot/plexus-classworlds-2.5.2.jar"/>
    <property name="java.vm.specification.version" value="1.8"/>
    <property name="sun.arch.data.model" value="64"/>
    <property name="java.home" value="/Library/Java/JavaVirtualMachines/jdk1.8.0_131.jdk/Contents/Home/jre"/>
    <property name="sun.java.command" value="org.codehaus.plexus.classworlds.launcher.Launcher clean test"/>
    <property name="java.specification.vendor" value="Oracle Corporation"/>
    <property name="user.language" value="en"/>
    <property name="awt.toolkit" value="sun.lwawt.macosx.LWCToolkit"/>
    <property name="java.vm.info" value="mixed mode"/>
    <property name="java.version" value="1.8.0_131"/>
    <property name="java.ext.dirs" value="/Users/dfzheng/Library/Java/Extensions:/Library/Java/JavaVirtualMachines/jdk1.8.0_131.jdk/Contents/Home/jre/lib/ext:/Library/Java/Extensions:/Network/Library/Java/Extensions:/System/Library/Java/Extensions:/usr/lib/java"/>
    <property name="sun.boot.class.path" value="/Library/Java/JavaVirtualMachines/jdk1.8.0_131.jdk/Contents/Home/jre/lib/resources.jar:/Library/Java/JavaVirtualMachines/jdk1.8.0_131.jdk/Contents/Home/jre/lib/rt.jar:/Library/Java/JavaVirtualMachines/jdk1.8.0_131.jdk/Contents/Home/jre/lib/sunrsasign.jar:/Library/Java/JavaVirtualMachines/jdk1.8.0_131.jdk/Contents/Home/jre/lib/jsse.jar:/Library/Java/JavaVirtualMachines/jdk1.8.0_131.jdk/Contents/Home/jre/lib/jce.jar:/Library/Java/JavaVirtualMachines/jdk1.8.0_131.jdk/Contents/Home/jre/lib/charsets.jar:/Library/Java/JavaVirtualMachines/jdk1.8.0_131.jdk/Contents/Home/jre/lib/jfr.jar:/Library/Java/JavaVirtualMachines/jdk1.8.0_131.jdk/Contents/Home/jre/classes"/>
    <property name="java.vendor" value="Oracle Corporation"/>
    <property name="maven.home" value="/usr/local/Cellar/maven/3.5.0/libexec"/>
    <property name="file.separator" value="/"/>
    <property name="java.vendor.url.bug" value="http://bugreport.sun.com/bugreport/"/>
    <property name="sun.cpu.endian" value="little"/>
    <property name="sun.io.unicode.encoding" value="UnicodeBig"/>
    <property name="sun.cpu.isalist" value=""/>
  </properties>
  <testcase classname="Given I am on myTW login page   " name="Given I am on myTW login page   " time="0.002"/>
  <testcase classname="When I enter Username as &quot;cnctester2@dev.thoughtworks.com&quot; and Password as &quot;1R&amp;@SDNvOOoQnQ6Nn$9wx@R&amp;s0&quot;    " name="When I enter Username as &quot;cnctester2@dev.thoughtworks.com&quot; and Password as &quot;1R&amp;@SDNvOOoQnQ6Nn$9wx@R&amp;s0&quot;    " time="0"/>
  <testcase classname="And I enter Security answer as &quot;Super Mario Bros&quot;     " name="And I enter Security answer as &quot;Super Mario Bros&quot;     " time="0"/>
  <testcase classname="And I open a new tab and go to testing group      " name="And I open a new tab and go to testing group      " time="0"/>
  <testcase classname="And I post a new discussion in Jive       " name="And I post a new discussion in Jive       " time="0"/>
  <testcase classname="And I open a new tab and login Gmail with &quot;cnctester2@dev.thoughtworks.com&quot;        " name="And I open a new tab and login Gmail with &quot;cnctester2@dev.thoughtworks.com&quot;        " time="0"/>
  <testcase classname="And I wait for a while         " name="And I wait for a while         " time="0"/>
  <testcase classname="Then I get the email in Gmail          " name="Then I get the email in Gmail          " time="0.002">
    <failure message="expected:&lt;test2017-08-23 13:1[9]&gt; but was:&lt;test2017-08-23 13:1[5]&gt;" type="org.junit.ComparisonFailure">org.junit.ComparisonFailure: expected:&lt;test2017-08-23 13:1[9]&gt; but was:&lt;test2017-08-23 13:1[5]&gt;
	at org.junit.Assert.assertEquals(Assert.java:115)
	at org.junit.Assert.assertEquals(Assert.java:144)
	at step_definitions.stepdefinitions.I_get_the_email_in_Gmail(stepdefinitions.java:225)
	at ✽.Then I get the email in Gmail(features/DiscussionJive2Email.feature:14)
</failure>
    <system-out>&amp;#27;[1A    &amp;#27;[32mAnd &amp;#27;[0m&amp;#27;[32mI wait for a while&amp;#27;[0m                                                                                  &amp;#27;[90m# stepdefinitions.I_wait_for_a_while()&amp;#27;[0m
    &amp;#27;[90mThen &amp;#27;[0m&amp;#27;[90mI get the email in Gmail&amp;#27;[0m                                                                           &amp;#27;[90m# stepdefinitions.I_get_the_email_in_Gmail()&amp;#27;[0m
sendDate: Wed Aug 23 13:19:58 CST 2017 subject:test2017-08-23 13:19From:[CNC2 Tester2 &lt;streamonce@dev.thoughtworks.com&gt;]
sendDate: Wed Aug 23 13:16:32 CST 2017 subject:test2017-08-23 13:15From:[CNC2 Tester2 &lt;streamonce@dev.thoughtworks.com&gt;]
</system-out>
  </testcase>
  <testcase classname="Scenario:   " name="Scenario:   " time="0.003">
    <failure message="expected:&lt;test2017-08-23 13:1[9]&gt; but was:&lt;test2017-08-23 13:1[5]&gt;" type="org.junit.ComparisonFailure">org.junit.ComparisonFailure: expected:&lt;test2017-08-23 13:1[9]&gt; but was:&lt;test2017-08-23 13:1[5]&gt;
	at org.junit.Assert.assertEquals(Assert.java:115)
	at org.junit.Assert.assertEquals(Assert.java:144)
	at step_definitions.stepdefinitions.I_get_the_email_in_Gmail(stepdefinitions.java:225)
	at ✽.Then I get the email in Gmail(features/DiscussionJive2Email.feature:14)
</failure>
  </testcase>
</testsuite>